# JRE version: OpenJDK Runtime Environment Microsoft-8035246 (17.0.8+7) (build 17.0.8+7-LTS)
# Java VM: OpenJDK 64-Bit Server VM Microsoft-8035246 (17.0.8+7-LTS, mixed mode, sharing, tiered, compressed oops, compressed class ptrs, g1 gc, windows-amd64)
GC Precious Log:
 CPUs: 4 total, 4 available
 Memory: 8132M
 Large Page Support: Disabled
 NUMA Support: Disabled
 Compressed Oops: Enabled (32-bit)
 Heap Region Size: 1M
 Heap Min Capacity: 8M
 Heap Initial Capacity: 128M
 Heap Max Capacity: 2G
 Pre-touch: Disabled
 Parallel Workers: 4
 Concurrent Workers: 1
 Concurrent Refinement Workers: 4
 Periodic GC: Disabled
Heap:
 garbage-first heap   total 220160K, used 184917K [0x0000000080000000, 0x0000000100000000)
  region size 1024K, 35 young (35840K), 3 survivors (3072K)
 Metaspace       used 98919K, committed 99968K, reserved 557056K
  class space    used 13831K, committed 14336K, reserved 425984K
GC Heap History (20 events):
Event: 89.085 GC heap before
{Heap before GC invocations=71 (full 0):
 garbage-first heap   total 183296K, used 155038K [0x0000000080000000, 0x0000000100000000)
  region size 1024K, 23 young (23552K), 2 survivors (2048K)
 Metaspace       used 94703K, committed 95680K, reserved 557056K
  class space    used 13355K, committed 13824K, reserved 425984K
}
Event: 89.095 GC heap after
{Heap after GC invocations=72 (full 0):
 garbage-first heap   total 183296K, used 135054K [0x0000000080000000, 0x0000000100000000)
  region size 1024K, 3 young (3072K), 3 survivors (3072K)
 Metaspace       used 94703K, committed 95680K, reserved 557056K
  class space    used 13355K, committed 13824K, reserved 425984K
}
Event: 90.545 GC heap before
{Heap before GC invocations=72 (full 0):
 garbage-first heap   total 183296K, used 155534K [0x0000000080000000, 0x0000000100000000)
  region size 1024K, 23 young (23552K), 3 survivors (3072K)
 Metaspace       used 95209K, committed 96256K, reserved 557056K
  class space    used 13428K, committed 13888K, reserved 425984K
}
Event: 90.552 GC heap after
{Heap after GC invocations=73 (full 0):
 garbage-first heap   total 183296K, used 137555K [0x0000000080000000, 0x0000000100000000)
  region size 1024K, 3 young (3072K), 3 survivors (3072K)
 Metaspace       used 95209K, committed 96256K, reserved 557056K
  class space    used 13428K, committed 13888K, reserved 425984K
}
Event: 90.932 GC heap before
{Heap before GC invocations=73 (full 0):
 garbage-first heap   total 183296K, used 157011K [0x0000000080000000, 0x0000000100000000)
  region size 1024K, 22 young (22528K), 3 survivors (3072K)
 Metaspace       used 96263K, committed 97280K, reserved 557056K
  class space    used 13548K, committed 14016K, reserved 425984K
}
Event: 90.940 GC heap after
{Heap after GC invocations=74 (full 0):
 garbage-first heap   total 183296K, used 139978K [0x0000000080000000, 0x0000000100000000)
  region size 1024K, 3 young (3072K), 3 survivors (3072K)
 Metaspace       used 96263K, committed 97280K, reserved 557056K
  class space    used 13548K, committed 14016K, reserved 425984K
}
Event: 91.210 GC heap before
{Heap before GC invocations=74 (full 0):
 garbage-first heap   total 183296K, used 156362K [0x0000000080000000, 0x0000000100000000)
  region size 1024K, 19 young (19456K), 3 survivors (3072K)
 Metaspace       used 96846K, committed 97856K, reserved 557056K
  class space    used 13617K, committed 14080K, reserved 425984K
}
Event: 91.215 GC heap after
{Heap after GC invocations=75 (full 0):
 garbage-first heap   total 183296K, used 141942K [0x0000000080000000, 0x0000000100000000)
  region size 1024K, 2 young (2048K), 2 survivors (2048K)
 Metaspace       used 96846K, committed 97856K, reserved 557056K
  class space    used 13617K, committed 14080K, reserved 425984K
}
Event: 91.466 GC heap before
{Heap before GC invocations=75 (full 0):
 garbage-first heap   total 183296K, used 157302K [0x0000000080000000, 0x0000000100000000)
  region size 1024K, 17 young (17408K), 2 survivors (2048K)
 Metaspace       used 97134K, committed 98112K, reserved 557056K
  class space    used 13645K, committed 14080K, reserved 425984K
}
Event: 91.471 GC heap after
{Heap after GC invocations=76 (full 0):
 garbage-first heap   total 183296K, used 144121K [0x0000000080000000, 0x0000000100000000)
  region size 1024K, 2 young (2048K), 2 survivors (2048K)
 Metaspace       used 97134K, committed 98112K, reserved 557056K
  class space    used 13645K, committed 14080K, reserved 425984K
}
Event: 91.749 GC heap before
{Heap before GC invocations=76 (full 0):
 garbage-first heap   total 183296K, used 158457K [0x0000000080000000, 0x0000000100000000)
  region size 1024K, 16 young (16384K), 2 survivors (2048K)
 Metaspace       used 97191K, committed 98176K, reserved 557056K
  class space    used 13646K, committed 14080K, reserved 425984K
}
Event: 91.755 GC heap after
{Heap after GC invocations=77 (full 0):
 garbage-first heap   total 183296K, used 145525K [0x0000000080000000, 0x0000000100000000)
  region size 1024K, 2 young (2048K), 2 survivors (2048K)
 Metaspace       used 97191K, committed 98176K, reserved 557056K
  class space    used 13646K, committed 14080K, reserved 425984K
}
Event: 92.019 GC heap before
{Heap before GC invocations=77 (full 0):
 garbage-first heap   total 183296K, used 158837K [0x0000000080000000, 0x0000000100000000)
  region size 1024K, 15 young (15360K), 2 survivors (2048K)
 Metaspace       used 97259K, committed 98304K, reserved 557056K
  class space    used 13647K, committed 14144K, reserved 425984K
}
Event: 92.023 GC heap after
{Heap after GC invocations=78 (full 0):
 garbage-first heap   total 220160K, used 146850K [0x0000000080000000, 0x0000000100000000)
  region size 1024K, 2 young (2048K), 2 survivors (2048K)
 Metaspace       used 97259K, committed 98304K, reserved 557056K
  class space    used 13647K, committed 14144K, reserved 425984K
}
Event: 92.545 GC heap before
{Heap before GC invocations=78 (full 0):
 garbage-first heap   total 220160K, used 183714K [0x0000000080000000, 0x0000000100000000)
  region size 1024K, 38 young (38912K), 2 survivors (2048K)
 Metaspace       used 97876K, committed 98944K, reserved 557056K
  class space    used 13713K, committed 14208K, reserved 425984K
}
Event: 92.556 GC heap after
{Heap after GC invocations=79 (full 0):
 garbage-first heap   total 220160K, used 151066K [0x0000000080000000, 0x0000000100000000)
  region size 1024K, 5 young (5120K), 5 survivors (5120K)
 Metaspace       used 97876K, committed 98944K, reserved 557056K
  class space    used 13713K, committed 14208K, reserved 425984K
}
Event: 97.630 GC heap before
{Heap before GC invocations=79 (full 0):
 garbage-first heap   total 220160K, used 183834K [0x0000000080000000, 0x0000000100000000)
  region size 1024K, 38 young (38912K), 5 survivors (5120K)
 Metaspace       used 98461K, committed 99520K, reserved 557056K
  class space    used 13781K, committed 14272K, reserved 425984K
}
Event: 97.638 GC heap after
{Heap after GC invocations=80 (full 0):
 garbage-first heap   total 220160K, used 153173K [0x0000000080000000, 0x0000000100000000)
  region size 1024K, 2 young (2048K), 2 survivors (2048K)
 Metaspace       used 98461K, committed 99520K, reserved 557056K
  class space    used 13781K, committed 14272K, reserved 425984K
}
Event: 99.027 GC heap before
{Heap before GC invocations=80 (full 0):
 garbage-first heap   total 220160K, used 185941K [0x0000000080000000, 0x0000000100000000)
  region size 1024K, 35 young (35840K), 2 survivors (2048K)
 Metaspace       used 98679K, committed 99712K, reserved 557056K
  class space    used 13782K, committed 14272K, reserved 425984K
}
Event: 99.031 GC heap after
{Heap after GC invocations=81 (full 0):
 garbage-first heap   total 220160K, used 154197K [0x0000000080000000, 0x0000000100000000)
  region size 1024K, 3 young (3072K), 3 survivors (3072K)
 Metaspace       used 98679K, committed 99712K, reserved 557056K
  class space    used 13782K, committed 14272K, reserved 425984K
}

